<?xml version="1.0" encoding="UTF-8"?>
<!-- Generated by org.testng.reporters.JUnitReportReporter -->
<testsuite hostname="QB-KRT-10583" failures="0" tests="2" name="com.guru99.newtours.TestBase" time="4.134" errors="0" timestamp="2024-06-13T22:11:01 IST" skipped="0">
  <testcase classname="com.guru99.newtours.TestBase" name="login" time="1.352"/>
  <system-out/>
  <testcase classname="com.guru99.newtours.TestBase" name="register" time="2.782"/>
  <system-out/>
</testsuite> <!-- com.guru99.newtours.TestBase -->
