<?xml version="1.0" encoding="UTF-8"?>
<!-- Generated by org.testng.reporters.JUnitReportReporter -->
<testsuite hostname="QB-KRT-10583" failures="0" tests="2" name="com.guru99.newtours.tests.TestBase" time="8.006" errors="0" timestamp="2024-06-14T11:04:31 IST" skipped="0">
  <testcase classname="com.guru99.newtours.tests.TestBase" name="login" time="2.022"/>
  <system-out/>
  <testcase classname="com.guru99.newtours.tests.TestBase" name="register" time="5.984"/>
  <system-out/>
</testsuite> <!-- com.guru99.newtours.tests.TestBase -->
